<?xml version="1.0" encoding="UTF-8"?>
<testng-results ignored="0" total="1" passed="1" failed="0" skipped="0">
  <reporter-output>
  </reporter-output>
  <suite started-at="2022-06-03T12:13:37 IST" name="Default suite" finished-at="2022-06-03T12:13:48 IST" duration-ms="10851">
    <groups>
    </groups>
    <test started-at="2022-06-03T12:13:37 IST" name="Default test" finished-at="2022-06-03T12:13:48 IST" duration-ms="10851">
      <class name="testFiles.SelectOptionFromSearchResult">
        <test-method is-config="true" signature="Setup()[pri:0, instance:testFiles.SelectOptionFromSearchResult@7d0b7e3c]" started-at="2022-06-03T12:13:37 IST" name="Setup" finished-at="2022-06-03T12:13:41 IST" duration-ms="4259" status="PASS">
          <reporter-output>
          </reporter-output>
        </test-method> <!-- Setup -->
        <test-method signature="SearchAndSelectFromResult()[pri:0, instance:testFiles.SelectOptionFromSearchResult@7d0b7e3c]" started-at="2022-06-03T12:13:41 IST" name="SearchAndSelectFromResult" finished-at="2022-06-03T12:13:48 IST" duration-ms="6310" status="PASS">
          <reporter-output>
          </reporter-output>
        </test-method> <!-- SearchAndSelectFromResult -->
        <test-method is-config="true" signature="tearDown()[pri:0, instance:testFiles.SelectOptionFromSearchResult@7d0b7e3c]" started-at="2022-06-03T12:13:48 IST" name="tearDown" finished-at="2022-06-03T12:13:48 IST" duration-ms="220" status="PASS">
          <reporter-output>
          </reporter-output>
        </test-method> <!-- tearDown -->
      </class> <!-- testFiles.SelectOptionFromSearchResult -->
    </test> <!-- Default test -->
  </suite> <!-- Default suite -->
</testng-results>
